<?xml version="1.0" encoding="UTF-8"?>
<!-- Generated by org.testng.reporters.JUnitReportReporter -->
<testsuite hostname="Shanojs-Air" name="TestTest" tests="1" failures="0" timestamp="4 Mar 2018 12:28:05 GMT" time="10.019" errors="0">
  <testcase name="webAppTest" time="10.019" classname="TestTest"/>
</testsuite> <!-- TestTest -->
